<?xml version="1.0" encoding="UTF-8"?>
<!-- Generated by org.testng.reporters.JUnitXMLReporter -->
<testsuite hostname="IMRAN-ASUS" ignored="0" name="Login Test" tests="6" failures="0" timestamp="2020-03-10T18:58:49 BDT" time="24.505" errors="0">
  <testcase name="checkloginpagetitle" time="10.954" classname="com.bitm.Newtours13th.Test.LoginTest"/>
  <testcase name="logintest" time="5.4" classname="com.bitm.Newtours13th.Test.LoginTest"/>
  <testcase name="checkFlightFinderPageTitle" time="0.842" classname="com.bitm.Newtours13th.Test.FlightFinderTest"/>
  <testcase name="FindAFlightTest" time="3.432" classname="com.bitm.Newtours13th.Test.FlightFinderTest"/>
  <testcase name="selectFlightPageTitle" time="0.063" classname="com.bitm.Newtours13th.Test.SelectFlightTest"/>
  <testcase name="SelectAFlightTest" time="2.784" classname="com.bitm.Newtours13th.Test.SelectFlightTest"/>
</testsuite> <!-- Login Test -->
