<?xml version="1.0" encoding="UTF-8"?>
<!-- Generated by org.testng.reporters.JUnitXMLReporter -->
<testsuite hostname="IMRAN-ASUS" ignored="0" name="NewTours Site Automation Test" tests="6" failures="0" timestamp="2020-03-10T19:00:22 BDT" time="23.141" errors="0">
  <testcase name="checkloginpagetitle" time="9.561" classname="com.bitm.Newtours13th.Test.LoginTest"/>
  <testcase name="logintest" time="5.358" classname="com.bitm.Newtours13th.Test.LoginTest"/>
  <testcase name="checkFlightFinderPageTitle" time="0.986" classname="com.bitm.Newtours13th.Test.FlightFinderTest"/>
  <testcase name="FindAFlightTest" time="3.593" classname="com.bitm.Newtours13th.Test.FlightFinderTest"/>
  <testcase name="selectFlightPageTitle" time="0.063" classname="com.bitm.Newtours13th.Test.SelectFlightTest"/>
  <testcase name="SelectAFlightTest" time="2.526" classname="com.bitm.Newtours13th.Test.SelectFlightTest"/>
</testsuite> <!-- NewTours Site Automation Test -->
