<?xml version="1.0" encoding="UTF-8"?>
<testng-results skipped="0" failed="0" ignored="0" total="4" passed="4">
  <reporter-output>
  </reporter-output>
  <suite name="NewToursSite Automation Test" duration-ms="17697" started-at="2020-02-29T16:38:02 BDT" finished-at="2020-02-29T16:38:20 BDT">
    <groups>
    </groups>
    <test name="Login Test" duration-ms="17697" started-at="2020-02-29T16:38:02 BDT" finished-at="2020-02-29T16:38:20 BDT">
      <class name="com.bitm.Newtours13th.Test.LoginTest">
        <test-method status="PASS" signature="checkloginpagetitle()[pri:0, instance:com.bitm.Newtours13th.Test.LoginTest@22a67b4]" name="checkloginpagetitle" duration-ms="10043" started-at="2020-02-29T16:38:02 BDT" finished-at="2020-02-29T16:38:12 BDT">
          <reporter-output>
          </reporter-output>
        </test-method> <!-- checkloginpagetitle -->
        <test-method status="PASS" signature="logintest(java.util.List)[pri:0, instance:com.bitm.Newtours13th.Test.LoginTest@22a67b4]" name="logintest" duration-ms="5368" started-at="2020-02-29T16:38:13 BDT" data-provider="loginData" depends-on-methods="com.bitm.Newtours13th.Test.LoginTest.checkloginpagetitle" finished-at="2020-02-29T16:38:19 BDT">
          <params>
            <param index="0">
              <value>
                <![CDATA[[LoginDTO [username=tutorial, password=tutorial]]]]>
              </value>
            </param>
          </params>
          <reporter-output>
          </reporter-output>
        </test-method> <!-- logintest -->
      </class> <!-- com.bitm.Newtours13th.Test.LoginTest -->
      <class name="com.bitm.Newtours13th.Test.FlightFinderTest">
        <test-method status="PASS" signature="checkFlightFinderPageTitle()[pri:0, instance:com.bitm.Newtours13th.Test.FlightFinderTest@57855c9a]" name="checkFlightFinderPageTitle" duration-ms="1208" started-at="2020-02-29T16:38:19 BDT" finished-at="2020-02-29T16:38:20 BDT">
          <reporter-output>
          </reporter-output>
        </test-method> <!-- checkFlightFinderPageTitle -->
        <test-method status="PASS" signature="FindAFlightTest()[pri:0, instance:com.bitm.Newtours13th.Test.FlightFinderTest@57855c9a]" name="FindAFlightTest" duration-ms="36" started-at="2020-02-29T16:38:20 BDT" depends-on-methods="com.bitm.Newtours13th.Test.FlightFinderTest.checkFlightFinderPageTitle" finished-at="2020-02-29T16:38:20 BDT">
          <reporter-output>
          </reporter-output>
        </test-method> <!-- FindAFlightTest -->
      </class> <!-- com.bitm.Newtours13th.Test.FlightFinderTest -->
    </test> <!-- Login Test -->
  </suite> <!-- NewToursSite Automation Test -->
</testng-results>
